<?xml version="1.0" encoding="UTF-8"?>
<!-- Generated by org.testng.reporters.JUnitXMLReporter -->
<testsuite ignored="8" hostname="LAPTOP-UV00EJB2" failures="0" tests="9" name="Test" time="55.306" errors="0" timestamp="2020-05-05T10:52:11 IST">
  <testcase classname="com.ebanking.master.RoleNG" name="Role" time="5.875"/>
  <testcase classname="com.ebanking.master.RoleNG" name="Role" time="5.16"/>
  <testcase classname="com.ebanking.master.RoleNG" name="Role" time="5.104"/>
  <testcase classname="com.ebanking.master.EmployeeNG" name="Employee" time="6.138"/>
  <testcase classname="com.ebanking.master.EmployeeNG" name="Employee" time="5.363"/>
  <testcase classname="com.ebanking.master.EmployeeNG" name="Employee" time="5.077"/>
  <testcase classname="com.ebanking.master.BranchNG" name="Br" time="6.444"/>
  <testcase classname="com.ebanking.master.BranchNG" name="Br" time="5.872"/>
  <testcase classname="com.ebanking.master.BranchNG" name="Br" time="5.882"/>
  <testcase classname="com.ebanking.master.Base" name="@BeforeTest beforeTest" time="0.0">
    <ignored/>
  </testcase> <!-- @BeforeTest beforeTest -->
  <testcase classname="com.ebanking.master.Base" name="@BeforeTest beforeTest" time="0.0">
    <ignored/>
  </testcase> <!-- @BeforeTest beforeTest -->
  <testcase classname="com.ebanking.master.Base" name="@AfterTest afterTest" time="0.0">
    <ignored/>
  </testcase> <!-- @AfterTest afterTest -->
  <testcase classname="com.ebanking.master.Base" name="@AfterTest afterTest" time="0.0">
    <ignored/>
  </testcase> <!-- @AfterTest afterTest -->
  <testcase classname="com.ebanking.master.Base" name="@BeforeSuite beforeSuite" time="0.0">
    <ignored/>
  </testcase> <!-- @BeforeSuite beforeSuite -->
  <testcase classname="com.ebanking.master.Base" name="@BeforeSuite beforeSuite" time="0.0">
    <ignored/>
  </testcase> <!-- @BeforeSuite beforeSuite -->
  <testcase classname="com.ebanking.master.Base" name="@AfterSuite afterSuite" time="0.0">
    <ignored/>
  </testcase> <!-- @AfterSuite afterSuite -->
  <testcase classname="com.ebanking.master.Base" name="@AfterSuite afterSuite" time="0.0">
    <ignored/>
  </testcase> <!-- @AfterSuite afterSuite -->
</testsuite> <!-- Test -->
