<?xml version="1.0" encoding="UTF-8"?>
<testng-results ignored="1" total="2" passed="1" failed="0" skipped="0">
  <reporter-output>
  </reporter-output>
  <suite started-at="2020-05-19T14:01:49 IST" name="Default suite" finished-at="2020-05-19T14:02:35 IST" duration-ms="46182">
    <groups>
    </groups>
    <test started-at="2020-05-19T14:01:49 IST" name="Default test" finished-at="2020-05-19T14:02:35 IST" duration-ms="46182">
      <class name="mvnproj.mvn">
        <test-method signature="OpenApp()[pri:0, instance:mvnproj.mvn@78e94dcf]" started-at="2020-05-19T14:01:49 IST" name="OpenApp" finished-at="2020-05-19T14:02:35 IST" duration-ms="46066" status="PASS">
          <reporter-output>
          </reporter-output>
        </test-method> <!-- OpenApp -->
      </class> <!-- mvnproj.mvn -->
    </test> <!-- Default test -->
  </suite> <!-- Default suite -->
</testng-results>
